<?xml version="1.0" encoding="UTF-8"?>
<!-- Generated by org.testng.reporters.JUnitXMLReporter -->
<testsuite ignored="0" hostname="LAPTOP-0RBMQKUC" failures="0" tests="12" name="Ex2Test" time="9.261" errors="0" timestamp="2021-06-01T01:55:23 MSK">
  <testcase classname="HW2.Ex2.Exercise2" name="URLTest" time="0.014"/>
  <testcase classname="HW2.Ex2.Exercise2" name="brTitleTest" time="0.013"/>
  <testcase classname="HW2.Ex2.Exercise2" name="headerTest" time="1.003"/>
  <testcase classname="HW2.Ex2.Exercise2" name="leftSectionServiceTest" time="0.968"/>
  <testcase classname="HW2.Ex2.Exercise2" name="loginTest" time="0.558"/>
  <testcase classname="HW2.Ex2.Exercise2" name="difElPageObservationTest" time="1.172"/>
  <testcase classname="HW2.Ex2.Exercise2" name="ifLoggined" time="0.046"/>
  <testcase classname="HW2.Ex2.Exercise2" name="checkBoxesTest" time="1.127"/>
  <testcase classname="HW2.Ex2.Exercise2" name="dropTest" time="0.577"/>
  <testcase classname="HW2.Ex2.Exercise2" name="leftSectionTest" time="0.06"/>
  <testcase classname="HW2.Ex2.Exercise2" name="radioTest" time="0.519"/>
  <testcase classname="HW2.Ex2.Exercise2" name="rightSectionTest" time="0.058"/>
</testsuite> <!-- Ex2Test -->
