<?xml version="1.0" encoding="UTF-8"?>
<!-- Generated by org.testng.reporters.JUnitXMLReporter -->
<testsuite ignored="0" hostname="LAPTOP-0RBMQKUC" failures="0" tests="81" name="Command line test" time="0.06" errors="0" timestamp="30 мар. 2021 14:59:35 GMT">
  <testcase classname="HW1.AddTest" name="addTestDouble" time="0.002"/>
  <testcase classname="HW1.AddTest" name="addTestDouble" time="0.0"/>
  <testcase classname="HW1.AddTest" name="addTestDouble" time="0.001"/>
  <testcase classname="HW1.AddTest" name="addTestDouble" time="0.003"/>
  <testcase classname="HW1.AddTest" name="addTestDouble" time="0.001"/>
  <testcase classname="HW1.AddTest" name="addTestDouble" time="0.0"/>
  <testcase classname="HW1.AddTest" name="addTestDouble" time="0.0"/>
  <testcase classname="HW1.AddTest" name="addTestDouble" time="0.0"/>
  <testcase classname="HW1.AddTest" name="addTestDouble" time="0.0"/>
  <testcase classname="HW1.AddTest" name="addTestLong" time="0.0"/>
  <testcase classname="HW1.AddTest" name="addTestLong" time="0.0"/>
  <testcase classname="HW1.AddTest" name="addTestLong" time="0.0"/>
  <testcase classname="HW1.AddTest" name="addTestLong" time="0.0"/>
  <testcase classname="HW1.AddTest" name="addTestLong" time="0.0"/>
  <testcase classname="HW1.AddTest" name="addTestLong" time="0.0"/>
  <testcase classname="HW1.AddTest" name="addTestLong" time="0.0"/>
  <testcase classname="HW1.AddTest" name="addTestLong" time="0.0"/>
  <testcase classname="HW1.AddTest" name="addTestLong" time="0.0"/>
  <testcase classname="HW1.DivTest" name="divTestDouble" time="0.0"/>
  <testcase classname="HW1.DivTest" name="divTestDouble" time="0.0"/>
  <testcase classname="HW1.DivTest" name="divTestDouble" time="0.0"/>
  <testcase classname="HW1.DivTest" name="divTestDouble" time="0.0"/>
  <testcase classname="HW1.DivTest" name="divTestDouble" time="0.0"/>
  <testcase classname="HW1.DivTest" name="divTestDouble" time="0.0"/>
  <testcase classname="HW1.DivTest" name="divTestDouble" time="0.0"/>
  <testcase classname="HW1.DivTest" name="divTestDouble" time="0.001"/>
  <testcase classname="HW1.DivTest" name="divTestDouble" time="0.0"/>
  <testcase classname="HW1.DivTest" name="divTestLong" time="0.0"/>
  <testcase classname="HW1.DivTest" name="divTestLong" time="0.0"/>
  <testcase classname="HW1.DivTest" name="divTestLong" time="0.0"/>
  <testcase classname="HW1.DivTest" name="divTestLong" time="0.0"/>
  <testcase classname="HW1.DivTest" name="divTestLong" time="0.001"/>
  <testcase classname="HW1.DivTest" name="divTestLong" time="0.0"/>
  <testcase classname="HW1.DivTest" name="divTestLong" time="0.0"/>
  <testcase classname="HW1.DivTest" name="divTestLong" time="0.0"/>
  <testcase classname="HW1.DivTest" name="divTestLong" time="0.001"/>
  <testcase classname="HW1.MultTest" name="multTestDouble" time="0.001"/>
  <testcase classname="HW1.MultTest" name="multTestDouble" time="0.0"/>
  <testcase classname="HW1.MultTest" name="multTestDouble" time="0.0"/>
  <testcase classname="HW1.MultTest" name="multTestDouble" time="0.001"/>
  <testcase classname="HW1.MultTest" name="multTestDouble" time="0.0"/>
  <testcase classname="HW1.MultTest" name="multTestDouble" time="0.0"/>
  <testcase classname="HW1.MultTest" name="multTestDouble" time="0.001"/>
  <testcase classname="HW1.MultTest" name="multTestDouble" time="0.0"/>
  <testcase classname="HW1.MultTest" name="multTestDouble" time="0.001"/>
  <testcase classname="HW1.MultTest" name="multTestLong" time="0.0"/>
  <testcase classname="HW1.MultTest" name="multTestLong" time="0.001"/>
  <testcase classname="HW1.MultTest" name="multTestLong" time="0.0"/>
  <testcase classname="HW1.MultTest" name="multTestLong" time="0.0"/>
  <testcase classname="HW1.MultTest" name="multTestLong" time="0.0"/>
  <testcase classname="HW1.MultTest" name="multTestLong" time="0.0"/>
  <testcase classname="HW1.MultTest" name="multTestLong" time="0.0"/>
  <testcase classname="HW1.MultTest" name="multTestLong" time="0.0"/>
  <testcase classname="HW1.MultTest" name="multTestLong" time="0.0"/>
  <testcase classname="HW1.SqrtTest" name="sqrtTestDouble" time="0.0"/>
  <testcase classname="HW1.SqrtTest" name="sqrtTestDouble" time="0.001"/>
  <testcase classname="HW1.SqrtTest" name="sqrtTestDouble" time="0.0"/>
  <testcase classname="HW1.SqrtTest" name="sqrtTestDouble" time="0.003"/>
  <testcase classname="HW1.SqrtTest" name="sqrtTestDouble" time="0.0"/>
  <testcase classname="HW1.SqrtTest" name="sqrtTestDouble" time="0.0"/>
  <testcase classname="HW1.SqrtTest" name="sqrtTestDouble" time="0.0"/>
  <testcase classname="HW1.SqrtTest" name="sqrtTestDouble" time="0.0"/>
  <testcase classname="HW1.SqrtTest" name="sqrtTestDouble" time="0.0"/>
  <testcase classname="HW1.SubTest" name="subTestDouble" time="0.001"/>
  <testcase classname="HW1.SubTest" name="subTestDouble" time="0.0"/>
  <testcase classname="HW1.SubTest" name="subTestDouble" time="0.0"/>
  <testcase classname="HW1.SubTest" name="subTestDouble" time="0.0"/>
  <testcase classname="HW1.SubTest" name="subTestDouble" time="0.0"/>
  <testcase classname="HW1.SubTest" name="subTestDouble" time="0.0"/>
  <testcase classname="HW1.SubTest" name="subTestDouble" time="0.0"/>
  <testcase classname="HW1.SubTest" name="subTestDouble" time="0.0"/>
  <testcase classname="HW1.SubTest" name="subTestDouble" time="0.001"/>
  <testcase classname="HW1.SubTest" name="subTestLong" time="0.0"/>
  <testcase classname="HW1.SubTest" name="subTestLong" time="0.001"/>
  <testcase classname="HW1.SubTest" name="subTestLong" time="0.0"/>
  <testcase classname="HW1.SubTest" name="subTestLong" time="0.0"/>
  <testcase classname="HW1.SubTest" name="subTestLong" time="0.0"/>
  <testcase classname="HW1.SubTest" name="subTestLong" time="0.0"/>
  <testcase classname="HW1.SubTest" name="subTestLong" time="0.0"/>
  <testcase classname="HW1.SubTest" name="subTestLong" time="0.0"/>
  <testcase classname="HW1.SubTest" name="subTestLong" time="0.0"/>
</testsuite> <!-- Command line test -->
