<?xml version="1.0" encoding="UTF-8"?>
<testng-results ignored="0" total="81" passed="81" failed="0" skipped="0">
  <reporter-output>
  </reporter-output>
  <suite started-at="2021-03-30T15:18:29Z" name="AddSubSuite" finished-at="2021-03-30T15:18:29Z" duration-ms="49">
    <groups>
    </groups>
    <test started-at="2021-03-30T15:18:29Z" name="AddSubTest" finished-at="2021-03-30T15:18:29Z" duration-ms="49">
      <class name="HW1.SubTest">
        <test-method is-config="true" signature="init()[pri:0, instance:HW1.SubTest@dbf57b3]" started-at="2021-03-30T18:18:29Z" name="init" finished-at="2021-03-30T18:18:29Z" duration-ms="1" status="PASS">
          <reporter-output>
          </reporter-output>
        </test-method> <!-- init -->
        <test-method signature="subTestDouble(double, double)[pri:0, instance:HW1.SubTest@dbf57b3]" started-at="2021-03-30T18:18:29Z" name="subTestDouble" data-provider="double" finished-at="2021-03-30T18:18:29Z" duration-ms="0" status="PASS">
          <params>
            <param index="0">
              <value>
                <![CDATA[0.01]]>
              </value>
            </param>
            <param index="1">
              <value>
                <![CDATA[0.99]]>
              </value>
            </param>
          </params>
          <reporter-output>
          </reporter-output>
        </test-method> <!-- subTestDouble -->
        <test-method signature="subTestDouble(double, double)[pri:0, instance:HW1.SubTest@dbf57b3]" started-at="2021-03-30T18:18:29Z" name="subTestDouble" data-provider="double" finished-at="2021-03-30T18:18:29Z" duration-ms="0" status="PASS">
          <params>
            <param index="0">
              <value>
                <![CDATA[7.01]]>
              </value>
            </param>
            <param index="1">
              <value>
                <![CDATA[-17.8]]>
              </value>
            </param>
          </params>
          <reporter-output>
          </reporter-output>
        </test-method> <!-- subTestDouble -->
        <test-method signature="subTestDouble(double, double)[pri:0, instance:HW1.SubTest@dbf57b3]" started-at="2021-03-30T18:18:29Z" name="subTestDouble" data-provider="double" finished-at="2021-03-30T18:18:29Z" duration-ms="1" status="PASS">
          <params>
            <param index="0">
              <value>
                <![CDATA[-98.2]]>
              </value>
            </param>
            <param index="1">
              <value>
                <![CDATA[-98.2]]>
              </value>
            </param>
          </params>
          <reporter-output>
          </reporter-output>
        </test-method> <!-- subTestDouble -->
        <test-method signature="subTestDouble(double, double)[pri:0, instance:HW1.SubTest@dbf57b3]" started-at="2021-03-30T18:18:29Z" name="subTestDouble" data-provider="double" finished-at="2021-03-30T18:18:29Z" duration-ms="0" status="PASS">
          <params>
            <param index="0">
              <value>
                <![CDATA[128768.1]]>
              </value>
            </param>
            <param index="1">
              <value>
                <![CDATA[9812.2]]>
              </value>
            </param>
          </params>
          <reporter-output>
          </reporter-output>
        </test-method> <!-- subTestDouble -->
        <test-method signature="subTestDouble(double, double)[pri:0, instance:HW1.SubTest@dbf57b3]" started-at="2021-03-30T18:18:29Z" name="subTestDouble" data-provider="double" finished-at="2021-03-30T18:18:29Z" duration-ms="0" status="PASS">
          <params>
            <param index="0">
              <value>
                <![CDATA[0]]>
              </value>
            </param>
            <param index="1">
              <value>
                <![CDATA[76.9]]>
              </value>
            </param>
          </params>
          <reporter-output>
          </reporter-output>
        </test-method> <!-- subTestDouble -->
        <test-method signature="subTestDouble(double, double)[pri:0, instance:HW1.SubTest@dbf57b3]" started-at="2021-03-30T18:18:29Z" name="subTestDouble" data-provider="double" finished-at="2021-03-30T18:18:29Z" duration-ms="1" status="PASS">
          <params>
            <param index="0">
              <value>
                <![CDATA[0]]>
              </value>
            </param>
            <param index="1">
              <value>
                <![CDATA[0]]>
              </value>
            </param>
          </params>
          <reporter-output>
          </reporter-output>
        </test-method> <!-- subTestDouble -->
        <test-method signature="subTestDouble(double, double)[pri:0, instance:HW1.SubTest@dbf57b3]" started-at="2021-03-30T18:18:29Z" name="subTestDouble" data-provider="double" finished-at="2021-03-30T18:18:29Z" duration-ms="0" status="PASS">
          <params>
            <param index="0">
              <value>
                <![CDATA[6.99]]>
              </value>
            </param>
            <param index="1">
              <value>
                <![CDATA[0]]>
              </value>
            </param>
          </params>
          <reporter-output>
          </reporter-output>
        </test-method> <!-- subTestDouble -->
        <test-method signature="subTestDouble(double, double)[pri:0, instance:HW1.SubTest@dbf57b3]" started-at="2021-03-30T18:18:29Z" name="subTestDouble" data-provider="double" finished-at="2021-03-30T18:18:29Z" duration-ms="0" status="PASS">
          <params>
            <param index="0">
              <value>
                <![CDATA[-3.4]]>
              </value>
            </param>
            <param index="1">
              <value>
                <![CDATA[3.4]]>
              </value>
            </param>
          </params>
          <reporter-output>
          </reporter-output>
        </test-method> <!-- subTestDouble -->
        <test-method signature="subTestDouble(double, double)[pri:0, instance:HW1.SubTest@dbf57b3]" started-at="2021-03-30T18:18:29Z" name="subTestDouble" data-provider="double" finished-at="2021-03-30T18:18:29Z" duration-ms="0" status="PASS">
          <params>
            <param index="0">
              <value>
                <![CDATA[4.9E-324]]>
              </value>
            </param>
            <param index="1">
              <value>
                <![CDATA[1.7976931348623157E308]]>
              </value>
            </param>
          </params>
          <reporter-output>
          </reporter-output>
        </test-method> <!-- subTestDouble -->
        <test-method signature="subTestLong(long, long)[pri:0, instance:HW1.SubTest@dbf57b3]" started-at="2021-03-30T18:18:29Z" name="subTestLong" data-provider="long" finished-at="2021-03-30T18:18:29Z" duration-ms="0" status="PASS">
          <params>
            <param index="0">
              <value>
                <![CDATA[0]]>
              </value>
            </param>
            <param index="1">
              <value>
                <![CDATA[0]]>
              </value>
            </param>
          </params>
          <reporter-output>
          </reporter-output>
        </test-method> <!-- subTestLong -->
        <test-method signature="subTestLong(long, long)[pri:0, instance:HW1.SubTest@dbf57b3]" started-at="2021-03-30T18:18:29Z" name="subTestLong" data-provider="long" finished-at="2021-03-30T18:18:29Z" duration-ms="0" status="PASS">
          <params>
            <param index="0">
              <value>
                <![CDATA[7]]>
              </value>
            </param>
            <param index="1">
              <value>
                <![CDATA[-17]]>
              </value>
            </param>
          </params>
          <reporter-output>
          </reporter-output>
        </test-method> <!-- subTestLong -->
        <test-method signature="subTestLong(long, long)[pri:0, instance:HW1.SubTest@dbf57b3]" started-at="2021-03-30T18:18:29Z" name="subTestLong" data-provider="long" finished-at="2021-03-30T18:18:29Z" duration-ms="0" status="PASS">
          <params>
            <param index="0">
              <value>
                <![CDATA[0]]>
              </value>
            </param>
            <param index="1">
              <value>
                <![CDATA[76]]>
              </value>
            </param>
          </params>
          <reporter-output>
          </reporter-output>
        </test-method> <!-- subTestLong -->
        <test-method signature="subTestLong(long, long)[pri:0, instance:HW1.SubTest@dbf57b3]" started-at="2021-03-30T18:18:29Z" name="subTestLong" data-provider="long" finished-at="2021-03-30T18:18:29Z" duration-ms="1" status="PASS">
          <params>
            <param index="0">
              <value>
                <![CDATA[6]]>
              </value>
            </param>
            <param index="1">
              <value>
                <![CDATA[0]]>
              </value>
            </param>
          </params>
          <reporter-output>
          </reporter-output>
        </test-method> <!-- subTestLong -->
        <test-method signature="subTestLong(long, long)[pri:0, instance:HW1.SubTest@dbf57b3]" started-at="2021-03-30T18:18:29Z" name="subTestLong" data-provider="long" finished-at="2021-03-30T18:18:29Z" duration-ms="0" status="PASS">
          <params>
            <param index="0">
              <value>
                <![CDATA[-98]]>
              </value>
            </param>
            <param index="1">
              <value>
                <![CDATA[-98]]>
              </value>
            </param>
          </params>
          <reporter-output>
          </reporter-output>
        </test-method> <!-- subTestLong -->
        <test-method signature="subTestLong(long, long)[pri:0, instance:HW1.SubTest@dbf57b3]" started-at="2021-03-30T18:18:29Z" name="subTestLong" data-provider="long" finished-at="2021-03-30T18:18:29Z" duration-ms="0" status="PASS">
          <params>
            <param index="0">
              <value>
                <![CDATA[128768]]>
              </value>
            </param>
            <param index="1">
              <value>
                <![CDATA[9812]]>
              </value>
            </param>
          </params>
          <reporter-output>
          </reporter-output>
        </test-method> <!-- subTestLong -->
        <test-method signature="subTestLong(long, long)[pri:0, instance:HW1.SubTest@dbf57b3]" started-at="2021-03-30T18:18:29Z" name="subTestLong" data-provider="long" finished-at="2021-03-30T18:18:29Z" duration-ms="0" status="PASS">
          <params>
            <param index="0">
              <value>
                <![CDATA[0]]>
              </value>
            </param>
            <param index="1">
              <value>
                <![CDATA[0]]>
              </value>
            </param>
          </params>
          <reporter-output>
          </reporter-output>
        </test-method> <!-- subTestLong -->
        <test-method signature="subTestLong(long, long)[pri:0, instance:HW1.SubTest@dbf57b3]" started-at="2021-03-30T18:18:29Z" name="subTestLong" data-provider="long" finished-at="2021-03-30T18:18:29Z" duration-ms="0" status="PASS">
          <params>
            <param index="0">
              <value>
                <![CDATA[-3]]>
              </value>
            </param>
            <param index="1">
              <value>
                <![CDATA[3]]>
              </value>
            </param>
          </params>
          <reporter-output>
          </reporter-output>
        </test-method> <!-- subTestLong -->
        <test-method signature="subTestLong(long, long)[pri:0, instance:HW1.SubTest@dbf57b3]" started-at="2021-03-30T18:18:29Z" name="subTestLong" data-provider="long" finished-at="2021-03-30T18:18:29Z" duration-ms="0" status="PASS">
          <params>
            <param index="0">
              <value>
                <![CDATA[-9223372036854775808]]>
              </value>
            </param>
            <param index="1">
              <value>
                <![CDATA[9223372036854775807]]>
              </value>
            </param>
          </params>
          <reporter-output>
          </reporter-output>
        </test-method> <!-- subTestLong -->
      </class> <!-- HW1.SubTest -->
      <class name="HW1.AddTest">
        <test-method is-config="true" signature="init()[pri:0, instance:HW1.AddTest@123ef382]" started-at="2021-03-30T18:18:29Z" name="init" finished-at="2021-03-30T18:18:29Z" duration-ms="8" status="PASS">
          <reporter-output>
          </reporter-output>
        </test-method> <!-- init -->
        <test-method signature="addTestDouble(double, double)[pri:0, instance:HW1.AddTest@123ef382]" started-at="2021-03-30T18:18:29Z" name="addTestDouble" data-provider="double" finished-at="2021-03-30T18:18:29Z" duration-ms="2" status="PASS">
          <params>
            <param index="0">
              <value>
                <![CDATA[7.01]]>
              </value>
            </param>
            <param index="1">
              <value>
                <![CDATA[-17.8]]>
              </value>
            </param>
          </params>
          <reporter-output>
          </reporter-output>
        </test-method> <!-- addTestDouble -->
        <test-method signature="addTestDouble(double, double)[pri:0, instance:HW1.AddTest@123ef382]" started-at="2021-03-30T18:18:29Z" name="addTestDouble" data-provider="double" finished-at="2021-03-30T18:18:29Z" duration-ms="3" status="PASS">
          <params>
            <param index="0">
              <value>
                <![CDATA[0.01]]>
              </value>
            </param>
            <param index="1">
              <value>
                <![CDATA[0.99]]>
              </value>
            </param>
          </params>
          <reporter-output>
          </reporter-output>
        </test-method> <!-- addTestDouble -->
        <test-method signature="addTestDouble(double, double)[pri:0, instance:HW1.AddTest@123ef382]" started-at="2021-03-30T18:18:29Z" name="addTestDouble" data-provider="double" finished-at="2021-03-30T18:18:29Z" duration-ms="1" status="PASS">
          <params>
            <param index="0">
              <value>
                <![CDATA[128768.1]]>
              </value>
            </param>
            <param index="1">
              <value>
                <![CDATA[9812.2]]>
              </value>
            </param>
          </params>
          <reporter-output>
          </reporter-output>
        </test-method> <!-- addTestDouble -->
        <test-method signature="addTestDouble(double, double)[pri:0, instance:HW1.AddTest@123ef382]" started-at="2021-03-30T18:18:29Z" name="addTestDouble" data-provider="double" finished-at="2021-03-30T18:18:29Z" duration-ms="0" status="PASS">
          <params>
            <param index="0">
              <value>
                <![CDATA[-98.2]]>
              </value>
            </param>
            <param index="1">
              <value>
                <![CDATA[-98.2]]>
              </value>
            </param>
          </params>
          <reporter-output>
          </reporter-output>
        </test-method> <!-- addTestDouble -->
        <test-method signature="addTestDouble(double, double)[pri:0, instance:HW1.AddTest@123ef382]" started-at="2021-03-30T18:18:29Z" name="addTestDouble" data-provider="double" finished-at="2021-03-30T18:18:29Z" duration-ms="0" status="PASS">
          <params>
            <param index="0">
              <value>
                <![CDATA[0]]>
              </value>
            </param>
            <param index="1">
              <value>
                <![CDATA[0]]>
              </value>
            </param>
          </params>
          <reporter-output>
          </reporter-output>
        </test-method> <!-- addTestDouble -->
        <test-method signature="addTestDouble(double, double)[pri:0, instance:HW1.AddTest@123ef382]" started-at="2021-03-30T18:18:29Z" name="addTestDouble" data-provider="double" finished-at="2021-03-30T18:18:29Z" duration-ms="0" status="PASS">
          <params>
            <param index="0">
              <value>
                <![CDATA[0]]>
              </value>
            </param>
            <param index="1">
              <value>
                <![CDATA[76.9]]>
              </value>
            </param>
          </params>
          <reporter-output>
          </reporter-output>
        </test-method> <!-- addTestDouble -->
        <test-method signature="addTestDouble(double, double)[pri:0, instance:HW1.AddTest@123ef382]" started-at="2021-03-30T18:18:29Z" name="addTestDouble" data-provider="double" finished-at="2021-03-30T18:18:29Z" duration-ms="0" status="PASS">
          <params>
            <param index="0">
              <value>
                <![CDATA[-3.4]]>
              </value>
            </param>
            <param index="1">
              <value>
                <![CDATA[3.4]]>
              </value>
            </param>
          </params>
          <reporter-output>
          </reporter-output>
        </test-method> <!-- addTestDouble -->
        <test-method signature="addTestDouble(double, double)[pri:0, instance:HW1.AddTest@123ef382]" started-at="2021-03-30T18:18:29Z" name="addTestDouble" data-provider="double" finished-at="2021-03-30T18:18:29Z" duration-ms="1" status="PASS">
          <params>
            <param index="0">
              <value>
                <![CDATA[4.9E-324]]>
              </value>
            </param>
            <param index="1">
              <value>
                <![CDATA[1.7976931348623157E308]]>
              </value>
            </param>
          </params>
          <reporter-output>
          </reporter-output>
        </test-method> <!-- addTestDouble -->
        <test-method signature="addTestDouble(double, double)[pri:0, instance:HW1.AddTest@123ef382]" started-at="2021-03-30T18:18:29Z" name="addTestDouble" data-provider="double" finished-at="2021-03-30T18:18:29Z" duration-ms="0" status="PASS">
          <params>
            <param index="0">
              <value>
                <![CDATA[6.99]]>
              </value>
            </param>
            <param index="1">
              <value>
                <![CDATA[0]]>
              </value>
            </param>
          </params>
          <reporter-output>
          </reporter-output>
        </test-method> <!-- addTestDouble -->
        <test-method signature="addTestLong(long, long)[pri:0, instance:HW1.AddTest@123ef382]" started-at="2021-03-30T18:18:29Z" name="addTestLong" data-provider="long" finished-at="2021-03-30T18:18:29Z" duration-ms="0" status="PASS">
          <params>
            <param index="0">
              <value>
                <![CDATA[7]]>
              </value>
            </param>
            <param index="1">
              <value>
                <![CDATA[-17]]>
              </value>
            </param>
          </params>
          <reporter-output>
          </reporter-output>
        </test-method> <!-- addTestLong -->
        <test-method signature="addTestLong(long, long)[pri:0, instance:HW1.AddTest@123ef382]" started-at="2021-03-30T18:18:29Z" name="addTestLong" data-provider="long" finished-at="2021-03-30T18:18:29Z" duration-ms="0" status="PASS">
          <params>
            <param index="0">
              <value>
                <![CDATA[128768]]>
              </value>
            </param>
            <param index="1">
              <value>
                <![CDATA[9812]]>
              </value>
            </param>
          </params>
          <reporter-output>
          </reporter-output>
        </test-method> <!-- addTestLong -->
        <test-method signature="addTestLong(long, long)[pri:0, instance:HW1.AddTest@123ef382]" started-at="2021-03-30T18:18:29Z" name="addTestLong" data-provider="long" finished-at="2021-03-30T18:18:29Z" duration-ms="0" status="PASS">
          <params>
            <param index="0">
              <value>
                <![CDATA[0]]>
              </value>
            </param>
            <param index="1">
              <value>
                <![CDATA[0]]>
              </value>
            </param>
          </params>
          <reporter-output>
          </reporter-output>
        </test-method> <!-- addTestLong -->
        <test-method signature="addTestLong(long, long)[pri:0, instance:HW1.AddTest@123ef382]" started-at="2021-03-30T18:18:29Z" name="addTestLong" data-provider="long" finished-at="2021-03-30T18:18:29Z" duration-ms="0" status="PASS">
          <params>
            <param index="0">
              <value>
                <![CDATA[0]]>
              </value>
            </param>
            <param index="1">
              <value>
                <![CDATA[76]]>
              </value>
            </param>
          </params>
          <reporter-output>
          </reporter-output>
        </test-method> <!-- addTestLong -->
        <test-method signature="addTestLong(long, long)[pri:0, instance:HW1.AddTest@123ef382]" started-at="2021-03-30T18:18:29Z" name="addTestLong" data-provider="long" finished-at="2021-03-30T18:18:29Z" duration-ms="0" status="PASS">
          <params>
            <param index="0">
              <value>
                <![CDATA[-98]]>
              </value>
            </param>
            <param index="1">
              <value>
                <![CDATA[-98]]>
              </value>
            </param>
          </params>
          <reporter-output>
          </reporter-output>
        </test-method> <!-- addTestLong -->
        <test-method signature="addTestLong(long, long)[pri:0, instance:HW1.AddTest@123ef382]" started-at="2021-03-30T18:18:29Z" name="addTestLong" data-provider="long" finished-at="2021-03-30T18:18:29Z" duration-ms="0" status="PASS">
          <params>
            <param index="0">
              <value>
                <![CDATA[0]]>
              </value>
            </param>
            <param index="1">
              <value>
                <![CDATA[0]]>
              </value>
            </param>
          </params>
          <reporter-output>
          </reporter-output>
        </test-method> <!-- addTestLong -->
        <test-method signature="addTestLong(long, long)[pri:0, instance:HW1.AddTest@123ef382]" started-at="2021-03-30T18:18:29Z" name="addTestLong" data-provider="long" finished-at="2021-03-30T18:18:29Z" duration-ms="0" status="PASS">
          <params>
            <param index="0">
              <value>
                <![CDATA[6]]>
              </value>
            </param>
            <param index="1">
              <value>
                <![CDATA[0]]>
              </value>
            </param>
          </params>
          <reporter-output>
          </reporter-output>
        </test-method> <!-- addTestLong -->
        <test-method signature="addTestLong(long, long)[pri:0, instance:HW1.AddTest@123ef382]" started-at="2021-03-30T18:18:29Z" name="addTestLong" data-provider="long" finished-at="2021-03-30T18:18:29Z" duration-ms="0" status="PASS">
          <params>
            <param index="0">
              <value>
                <![CDATA[-3]]>
              </value>
            </param>
            <param index="1">
              <value>
                <![CDATA[3]]>
              </value>
            </param>
          </params>
          <reporter-output>
          </reporter-output>
        </test-method> <!-- addTestLong -->
        <test-method signature="addTestLong(long, long)[pri:0, instance:HW1.AddTest@123ef382]" started-at="2021-03-30T18:18:29Z" name="addTestLong" data-provider="long" finished-at="2021-03-30T18:18:29Z" duration-ms="0" status="PASS">
          <params>
            <param index="0">
              <value>
                <![CDATA[-9223372036854775808]]>
              </value>
            </param>
            <param index="1">
              <value>
                <![CDATA[9223372036854775807]]>
              </value>
            </param>
          </params>
          <reporter-output>
          </reporter-output>
        </test-method> <!-- addTestLong -->
      </class> <!-- HW1.AddTest -->
    </test> <!-- AddSubTest -->
  </suite> <!-- AddSubSuite -->
  <suite started-at="2021-03-30T15:18:29Z" name="MultDivSuite" finished-at="2021-03-30T15:18:29Z" duration-ms="20">
    <groups>
    </groups>
    <test started-at="2021-03-30T15:18:29Z" name="MultDivTest" finished-at="2021-03-30T15:18:29Z" duration-ms="20">
      <class name="HW1.DivTest">
        <test-method is-config="true" signature="init()[pri:0, instance:HW1.DivTest@515aebb0]" started-at="2021-03-30T18:18:29Z" name="init" finished-at="2021-03-30T18:18:29Z" duration-ms="0" status="PASS">
          <reporter-output>
          </reporter-output>
        </test-method> <!-- init -->
        <test-method signature="divTestDouble(double, double)[pri:0, instance:HW1.DivTest@515aebb0]" started-at="2021-03-30T18:18:29Z" name="divTestDouble" data-provider="double" finished-at="2021-03-30T18:18:29Z" duration-ms="1" status="PASS">
          <params>
            <param index="0">
              <value>
                <![CDATA[-98.2]]>
              </value>
            </param>
            <param index="1">
              <value>
                <![CDATA[-98.2]]>
              </value>
            </param>
          </params>
          <reporter-output>
          </reporter-output>
        </test-method> <!-- divTestDouble -->
        <test-method signature="divTestDouble(double, double)[pri:0, instance:HW1.DivTest@515aebb0]" started-at="2021-03-30T18:18:29Z" name="divTestDouble" data-provider="double" finished-at="2021-03-30T18:18:29Z" duration-ms="0" status="PASS">
          <params>
            <param index="0">
              <value>
                <![CDATA[7.01]]>
              </value>
            </param>
            <param index="1">
              <value>
                <![CDATA[-17.8]]>
              </value>
            </param>
          </params>
          <reporter-output>
          </reporter-output>
        </test-method> <!-- divTestDouble -->
        <test-method signature="divTestDouble(double, double)[pri:0, instance:HW1.DivTest@515aebb0]" started-at="2021-03-30T18:18:29Z" name="divTestDouble" data-provider="double" finished-at="2021-03-30T18:18:29Z" duration-ms="0" status="PASS">
          <params>
            <param index="0">
              <value>
                <![CDATA[0.01]]>
              </value>
            </param>
            <param index="1">
              <value>
                <![CDATA[0.99]]>
              </value>
            </param>
          </params>
          <reporter-output>
          </reporter-output>
        </test-method> <!-- divTestDouble -->
        <test-method signature="divTestDouble(double, double)[pri:0, instance:HW1.DivTest@515aebb0]" started-at="2021-03-30T18:18:29Z" name="divTestDouble" data-provider="double" finished-at="2021-03-30T18:18:29Z" duration-ms="0" status="PASS">
          <params>
            <param index="0">
              <value>
                <![CDATA[128768.1]]>
              </value>
            </param>
            <param index="1">
              <value>
                <![CDATA[9812.2]]>
              </value>
            </param>
          </params>
          <reporter-output>
          </reporter-output>
        </test-method> <!-- divTestDouble -->
        <test-method signature="divTestDouble(double, double)[pri:0, instance:HW1.DivTest@515aebb0]" started-at="2021-03-30T18:18:29Z" name="divTestDouble" data-provider="double" finished-at="2021-03-30T18:18:29Z" duration-ms="0" status="PASS">
          <params>
            <param index="0">
              <value>
                <![CDATA[-3.4]]>
              </value>
            </param>
            <param index="1">
              <value>
                <![CDATA[3.4]]>
              </value>
            </param>
          </params>
          <reporter-output>
          </reporter-output>
        </test-method> <!-- divTestDouble -->
        <test-method signature="divTestDouble(double, double)[pri:0, instance:HW1.DivTest@515aebb0]" started-at="2021-03-30T18:18:29Z" name="divTestDouble" data-provider="double" finished-at="2021-03-30T18:18:29Z" duration-ms="0" status="PASS">
          <params>
            <param index="0">
              <value>
                <![CDATA[0]]>
              </value>
            </param>
            <param index="1">
              <value>
                <![CDATA[1]]>
              </value>
            </param>
          </params>
          <reporter-output>
          </reporter-output>
        </test-method> <!-- divTestDouble -->
        <test-method signature="divTestDouble(double, double)[pri:0, instance:HW1.DivTest@515aebb0]" started-at="2021-03-30T18:18:29Z" name="divTestDouble" data-provider="double" finished-at="2021-03-30T18:18:29Z" duration-ms="0" status="PASS">
          <params>
            <param index="0">
              <value>
                <![CDATA[0]]>
              </value>
            </param>
            <param index="1">
              <value>
                <![CDATA[76.9]]>
              </value>
            </param>
          </params>
          <reporter-output>
          </reporter-output>
        </test-method> <!-- divTestDouble -->
        <test-method signature="divTestDouble(double, double)[pri:0, instance:HW1.DivTest@515aebb0]" started-at="2021-03-30T18:18:29Z" name="divTestDouble" data-provider="double" finished-at="2021-03-30T18:18:29Z" duration-ms="0" status="PASS">
          <params>
            <param index="0">
              <value>
                <![CDATA[6.99]]>
              </value>
            </param>
            <param index="1">
              <value>
                <![CDATA[-34]]>
              </value>
            </param>
          </params>
          <reporter-output>
          </reporter-output>
        </test-method> <!-- divTestDouble -->
        <test-method signature="divTestLong(long, long)[pri:0, instance:HW1.DivTest@515aebb0]" started-at="2021-03-30T18:18:29Z" name="divTestLong" data-provider="long" finished-at="2021-03-30T18:18:29Z" duration-ms="0" status="PASS">
          <params>
            <param index="0">
              <value>
                <![CDATA[7]]>
              </value>
            </param>
            <param index="1">
              <value>
                <![CDATA[-17]]>
              </value>
            </param>
          </params>
          <reporter-output>
          </reporter-output>
        </test-method> <!-- divTestLong -->
        <test-method signature="divTestLong(long, long)[pri:0, instance:HW1.DivTest@515aebb0]" started-at="2021-03-30T18:18:29Z" name="divTestLong" data-provider="long" finished-at="2021-03-30T18:18:29Z" duration-ms="1" status="PASS">
          <params>
            <param index="0">
              <value>
                <![CDATA[0]]>
              </value>
            </param>
            <param index="1">
              <value>
                <![CDATA[-4]]>
              </value>
            </param>
          </params>
          <reporter-output>
          </reporter-output>
        </test-method> <!-- divTestLong -->
        <test-method signature="divTestDouble(double, double)[pri:0, instance:HW1.DivTest@515aebb0]" started-at="2021-03-30T18:18:29Z" name="divTestDouble" data-provider="double" finished-at="2021-03-30T18:18:29Z" duration-ms="0" status="PASS">
          <params>
            <param index="0">
              <value>
                <![CDATA[4.9E-324]]>
              </value>
            </param>
            <param index="1">
              <value>
                <![CDATA[1.7976931348623157E308]]>
              </value>
            </param>
          </params>
          <reporter-output>
          </reporter-output>
        </test-method> <!-- divTestDouble -->
        <test-method signature="divTestLong(long, long)[pri:0, instance:HW1.DivTest@515aebb0]" started-at="2021-03-30T18:18:29Z" name="divTestLong" data-provider="long" finished-at="2021-03-30T18:18:29Z" duration-ms="1" status="PASS">
          <params>
            <param index="0">
              <value>
                <![CDATA[0]]>
              </value>
            </param>
            <param index="1">
              <value>
                <![CDATA[76]]>
              </value>
            </param>
          </params>
          <reporter-output>
          </reporter-output>
        </test-method> <!-- divTestLong -->
        <test-method signature="divTestLong(long, long)[pri:0, instance:HW1.DivTest@515aebb0]" started-at="2021-03-30T18:18:29Z" name="divTestLong" data-provider="long" finished-at="2021-03-30T18:18:29Z" duration-ms="0" status="PASS">
          <params>
            <param index="0">
              <value>
                <![CDATA[-98]]>
              </value>
            </param>
            <param index="1">
              <value>
                <![CDATA[-98]]>
              </value>
            </param>
          </params>
          <reporter-output>
          </reporter-output>
        </test-method> <!-- divTestLong -->
        <test-method signature="divTestLong(long, long)[pri:0, instance:HW1.DivTest@515aebb0]" started-at="2021-03-30T18:18:29Z" name="divTestLong" data-provider="long" finished-at="2021-03-30T18:18:29Z" duration-ms="0" status="PASS">
          <params>
            <param index="0">
              <value>
                <![CDATA[128768]]>
              </value>
            </param>
            <param index="1">
              <value>
                <![CDATA[9812]]>
              </value>
            </param>
          </params>
          <reporter-output>
          </reporter-output>
        </test-method> <!-- divTestLong -->
        <test-method signature="divTestLong(long, long)[pri:0, instance:HW1.DivTest@515aebb0]" started-at="2021-03-30T18:18:29Z" name="divTestLong" data-provider="long" finished-at="2021-03-30T18:18:29Z" duration-ms="0" status="PASS">
          <params>
            <param index="0">
              <value>
                <![CDATA[-9223372036854775808]]>
              </value>
            </param>
            <param index="1">
              <value>
                <![CDATA[9223372036854775807]]>
              </value>
            </param>
          </params>
          <reporter-output>
          </reporter-output>
        </test-method> <!-- divTestLong -->
        <test-method signature="divTestLong(long, long)[pri:0, instance:HW1.DivTest@515aebb0]" started-at="2021-03-30T18:18:29Z" name="divTestLong" data-provider="long" finished-at="2021-03-30T18:18:29Z" duration-ms="0" status="PASS">
          <params>
            <param index="0">
              <value>
                <![CDATA[0]]>
              </value>
            </param>
            <param index="1">
              <value>
                <![CDATA[1]]>
              </value>
            </param>
          </params>
          <reporter-output>
          </reporter-output>
        </test-method> <!-- divTestLong -->
        <test-method signature="divTestLong(long, long)[pri:0, instance:HW1.DivTest@515aebb0]" started-at="2021-03-30T18:18:29Z" name="divTestLong" data-provider="long" finished-at="2021-03-30T18:18:29Z" duration-ms="0" status="PASS">
          <params>
            <param index="0">
              <value>
                <![CDATA[6]]>
              </value>
            </param>
            <param index="1">
              <value>
                <![CDATA[3]]>
              </value>
            </param>
          </params>
          <reporter-output>
          </reporter-output>
        </test-method> <!-- divTestLong -->
        <test-method signature="divTestLong(long, long)[pri:0, instance:HW1.DivTest@515aebb0]" started-at="2021-03-30T18:18:29Z" name="divTestLong" data-provider="long" finished-at="2021-03-30T18:18:29Z" duration-ms="0" status="PASS">
          <params>
            <param index="0">
              <value>
                <![CDATA[-3]]>
              </value>
            </param>
            <param index="1">
              <value>
                <![CDATA[3]]>
              </value>
            </param>
          </params>
          <reporter-output>
          </reporter-output>
        </test-method> <!-- divTestLong -->
      </class> <!-- HW1.DivTest -->
      <class name="HW1.MultTest">
        <test-method is-config="true" signature="init()[pri:0, instance:HW1.MultTest@37afeb11]" started-at="2021-03-30T18:18:29Z" name="init" finished-at="2021-03-30T18:18:29Z" duration-ms="0" status="PASS">
          <reporter-output>
          </reporter-output>
        </test-method> <!-- init -->
        <test-method signature="multTestDouble(double, double)[pri:0, instance:HW1.MultTest@37afeb11]" started-at="2021-03-30T18:18:29Z" name="multTestDouble" data-provider="double" finished-at="2021-03-30T18:18:29Z" duration-ms="1" status="PASS">
          <params>
            <param index="0">
              <value>
                <![CDATA[7.01]]>
              </value>
            </param>
            <param index="1">
              <value>
                <![CDATA[-17.8]]>
              </value>
            </param>
          </params>
          <reporter-output>
          </reporter-output>
        </test-method> <!-- multTestDouble -->
        <test-method signature="multTestDouble(double, double)[pri:0, instance:HW1.MultTest@37afeb11]" started-at="2021-03-30T18:18:29Z" name="multTestDouble" data-provider="double" finished-at="2021-03-30T18:18:29Z" duration-ms="0" status="PASS">
          <params>
            <param index="0">
              <value>
                <![CDATA[0.01]]>
              </value>
            </param>
            <param index="1">
              <value>
                <![CDATA[0.99]]>
              </value>
            </param>
          </params>
          <reporter-output>
          </reporter-output>
        </test-method> <!-- multTestDouble -->
        <test-method signature="multTestDouble(double, double)[pri:0, instance:HW1.MultTest@37afeb11]" started-at="2021-03-30T18:18:29Z" name="multTestDouble" data-provider="double" finished-at="2021-03-30T18:18:29Z" duration-ms="0" status="PASS">
          <params>
            <param index="0">
              <value>
                <![CDATA[-98.2]]>
              </value>
            </param>
            <param index="1">
              <value>
                <![CDATA[-98.2]]>
              </value>
            </param>
          </params>
          <reporter-output>
          </reporter-output>
        </test-method> <!-- multTestDouble -->
        <test-method signature="multTestDouble(double, double)[pri:0, instance:HW1.MultTest@37afeb11]" started-at="2021-03-30T18:18:29Z" name="multTestDouble" data-provider="double" finished-at="2021-03-30T18:18:29Z" duration-ms="0" status="PASS">
          <params>
            <param index="0">
              <value>
                <![CDATA[128768.1]]>
              </value>
            </param>
            <param index="1">
              <value>
                <![CDATA[9812.2]]>
              </value>
            </param>
          </params>
          <reporter-output>
          </reporter-output>
        </test-method> <!-- multTestDouble -->
        <test-method signature="multTestDouble(double, double)[pri:0, instance:HW1.MultTest@37afeb11]" started-at="2021-03-30T18:18:29Z" name="multTestDouble" data-provider="double" finished-at="2021-03-30T18:18:29Z" duration-ms="0" status="PASS">
          <params>
            <param index="0">
              <value>
                <![CDATA[-3.4]]>
              </value>
            </param>
            <param index="1">
              <value>
                <![CDATA[3.4]]>
              </value>
            </param>
          </params>
          <reporter-output>
          </reporter-output>
        </test-method> <!-- multTestDouble -->
        <test-method signature="multTestDouble(double, double)[pri:0, instance:HW1.MultTest@37afeb11]" started-at="2021-03-30T18:18:29Z" name="multTestDouble" data-provider="double" finished-at="2021-03-30T18:18:29Z" duration-ms="0" status="PASS">
          <params>
            <param index="0">
              <value>
                <![CDATA[0]]>
              </value>
            </param>
            <param index="1">
              <value>
                <![CDATA[76.9]]>
              </value>
            </param>
          </params>
          <reporter-output>
          </reporter-output>
        </test-method> <!-- multTestDouble -->
        <test-method signature="multTestDouble(double, double)[pri:0, instance:HW1.MultTest@37afeb11]" started-at="2021-03-30T18:18:29Z" name="multTestDouble" data-provider="double" finished-at="2021-03-30T18:18:29Z" duration-ms="1" status="PASS">
          <params>
            <param index="0">
              <value>
                <![CDATA[4.9E-324]]>
              </value>
            </param>
            <param index="1">
              <value>
                <![CDATA[1.7976931348623157E308]]>
              </value>
            </param>
          </params>
          <reporter-output>
          </reporter-output>
        </test-method> <!-- multTestDouble -->
        <test-method signature="multTestDouble(double, double)[pri:0, instance:HW1.MultTest@37afeb11]" started-at="2021-03-30T18:18:29Z" name="multTestDouble" data-provider="double" finished-at="2021-03-30T18:18:29Z" duration-ms="0" status="PASS">
          <params>
            <param index="0">
              <value>
                <![CDATA[6.99]]>
              </value>
            </param>
            <param index="1">
              <value>
                <![CDATA[0]]>
              </value>
            </param>
          </params>
          <reporter-output>
          </reporter-output>
        </test-method> <!-- multTestDouble -->
        <test-method signature="multTestDouble(double, double)[pri:0, instance:HW1.MultTest@37afeb11]" started-at="2021-03-30T18:18:29Z" name="multTestDouble" data-provider="double" finished-at="2021-03-30T18:18:29Z" duration-ms="0" status="PASS">
          <params>
            <param index="0">
              <value>
                <![CDATA[0]]>
              </value>
            </param>
            <param index="1">
              <value>
                <![CDATA[0]]>
              </value>
            </param>
          </params>
          <reporter-output>
          </reporter-output>
        </test-method> <!-- multTestDouble -->
        <test-method signature="multTestLong(long, long)[pri:0, instance:HW1.MultTest@37afeb11]" started-at="2021-03-30T18:18:29Z" name="multTestLong" data-provider="long" finished-at="2021-03-30T18:18:29Z" duration-ms="0" status="PASS">
          <params>
            <param index="0">
              <value>
                <![CDATA[7]]>
              </value>
            </param>
            <param index="1">
              <value>
                <![CDATA[-17]]>
              </value>
            </param>
          </params>
          <reporter-output>
          </reporter-output>
        </test-method> <!-- multTestLong -->
        <test-method signature="multTestLong(long, long)[pri:0, instance:HW1.MultTest@37afeb11]" started-at="2021-03-30T18:18:29Z" name="multTestLong" data-provider="long" finished-at="2021-03-30T18:18:29Z" duration-ms="0" status="PASS">
          <params>
            <param index="0">
              <value>
                <![CDATA[128768]]>
              </value>
            </param>
            <param index="1">
              <value>
                <![CDATA[9812]]>
              </value>
            </param>
          </params>
          <reporter-output>
          </reporter-output>
        </test-method> <!-- multTestLong -->
        <test-method signature="multTestLong(long, long)[pri:0, instance:HW1.MultTest@37afeb11]" started-at="2021-03-30T18:18:29Z" name="multTestLong" data-provider="long" finished-at="2021-03-30T18:18:29Z" duration-ms="0" status="PASS">
          <params>
            <param index="0">
              <value>
                <![CDATA[0]]>
              </value>
            </param>
            <param index="1">
              <value>
                <![CDATA[0]]>
              </value>
            </param>
          </params>
          <reporter-output>
          </reporter-output>
        </test-method> <!-- multTestLong -->
        <test-method signature="multTestLong(long, long)[pri:0, instance:HW1.MultTest@37afeb11]" started-at="2021-03-30T18:18:29Z" name="multTestLong" data-provider="long" finished-at="2021-03-30T18:18:29Z" duration-ms="0" status="PASS">
          <params>
            <param index="0">
              <value>
                <![CDATA[0]]>
              </value>
            </param>
            <param index="1">
              <value>
                <![CDATA[76]]>
              </value>
            </param>
          </params>
          <reporter-output>
          </reporter-output>
        </test-method> <!-- multTestLong -->
        <test-method signature="multTestLong(long, long)[pri:0, instance:HW1.MultTest@37afeb11]" started-at="2021-03-30T18:18:29Z" name="multTestLong" data-provider="long" finished-at="2021-03-30T18:18:29Z" duration-ms="0" status="PASS">
          <params>
            <param index="0">
              <value>
                <![CDATA[-98]]>
              </value>
            </param>
            <param index="1">
              <value>
                <![CDATA[-98]]>
              </value>
            </param>
          </params>
          <reporter-output>
          </reporter-output>
        </test-method> <!-- multTestLong -->
        <test-method signature="multTestLong(long, long)[pri:0, instance:HW1.MultTest@37afeb11]" started-at="2021-03-30T18:18:29Z" name="multTestLong" data-provider="long" finished-at="2021-03-30T18:18:29Z" duration-ms="1" status="PASS">
          <params>
            <param index="0">
              <value>
                <![CDATA[6]]>
              </value>
            </param>
            <param index="1">
              <value>
                <![CDATA[0]]>
              </value>
            </param>
          </params>
          <reporter-output>
          </reporter-output>
        </test-method> <!-- multTestLong -->
        <test-method signature="multTestLong(long, long)[pri:0, instance:HW1.MultTest@37afeb11]" started-at="2021-03-30T18:18:29Z" name="multTestLong" data-provider="long" finished-at="2021-03-30T18:18:29Z" duration-ms="0" status="PASS">
          <params>
            <param index="0">
              <value>
                <![CDATA[0]]>
              </value>
            </param>
            <param index="1">
              <value>
                <![CDATA[0]]>
              </value>
            </param>
          </params>
          <reporter-output>
          </reporter-output>
        </test-method> <!-- multTestLong -->
        <test-method signature="multTestLong(long, long)[pri:0, instance:HW1.MultTest@37afeb11]" started-at="2021-03-30T18:18:29Z" name="multTestLong" data-provider="long" finished-at="2021-03-30T18:18:29Z" duration-ms="0" status="PASS">
          <params>
            <param index="0">
              <value>
                <![CDATA[-9223372036854775808]]>
              </value>
            </param>
            <param index="1">
              <value>
                <![CDATA[9223372036854775807]]>
              </value>
            </param>
          </params>
          <reporter-output>
          </reporter-output>
        </test-method> <!-- multTestLong -->
        <test-method signature="multTestLong(long, long)[pri:0, instance:HW1.MultTest@37afeb11]" started-at="2021-03-30T18:18:29Z" name="multTestLong" data-provider="long" finished-at="2021-03-30T18:18:29Z" duration-ms="0" status="PASS">
          <params>
            <param index="0">
              <value>
                <![CDATA[-3]]>
              </value>
            </param>
            <param index="1">
              <value>
                <![CDATA[3]]>
              </value>
            </param>
          </params>
          <reporter-output>
          </reporter-output>
        </test-method> <!-- multTestLong -->
      </class> <!-- HW1.MultTest -->
    </test> <!-- MultDivTest -->
  </suite> <!-- MultDivSuite -->
  <suite started-at="2021-03-30T15:18:29Z" name="SqrtSuite" finished-at="2021-03-30T15:18:29Z" duration-ms="5">
    <groups>
    </groups>
    <test started-at="2021-03-30T15:18:29Z" name="SqrtTest" finished-at="2021-03-30T15:18:29Z" duration-ms="5">
      <class name="HW1.SqrtTest">
        <test-method signature="sqrtTestDouble(double)[pri:0, instance:HW1.SqrtTest@35cabb2a]" started-at="2021-03-30T18:18:29Z" name="sqrtTestDouble" data-provider="double" finished-at="2021-03-30T18:18:29Z" duration-ms="1" status="PASS">
          <params>
            <param index="0">
              <value>
                <![CDATA[7.01]]>
              </value>
            </param>
          </params>
          <reporter-output>
          </reporter-output>
        </test-method> <!-- sqrtTestDouble -->
        <test-method signature="sqrtTestDouble(double)[pri:0, instance:HW1.SqrtTest@35cabb2a]" started-at="2021-03-30T18:18:29Z" name="sqrtTestDouble" data-provider="double" finished-at="2021-03-30T18:18:29Z" duration-ms="1" status="PASS">
          <params>
            <param index="0">
              <value>
                <![CDATA[128768.1]]>
              </value>
            </param>
          </params>
          <reporter-output>
          </reporter-output>
        </test-method> <!-- sqrtTestDouble -->
        <test-method signature="sqrtTestDouble(double)[pri:0, instance:HW1.SqrtTest@35cabb2a]" started-at="2021-03-30T18:18:29Z" name="sqrtTestDouble" data-provider="double" finished-at="2021-03-30T18:18:29Z" duration-ms="0" status="PASS">
          <params>
            <param index="0">
              <value>
                <![CDATA[0.01]]>
              </value>
            </param>
          </params>
          <reporter-output>
          </reporter-output>
        </test-method> <!-- sqrtTestDouble -->
        <test-method signature="sqrtTestDouble(double)[pri:0, instance:HW1.SqrtTest@35cabb2a]" started-at="2021-03-30T18:18:29Z" name="sqrtTestDouble" data-provider="double" finished-at="2021-03-30T18:18:29Z" duration-ms="0" status="PASS">
          <params>
            <param index="0">
              <value>
                <![CDATA[-98.2]]>
              </value>
            </param>
          </params>
          <reporter-output>
          </reporter-output>
        </test-method> <!-- sqrtTestDouble -->
        <test-method signature="sqrtTestDouble(double)[pri:0, instance:HW1.SqrtTest@35cabb2a]" started-at="2021-03-30T18:18:29Z" name="sqrtTestDouble" data-provider="double" finished-at="2021-03-30T18:18:29Z" duration-ms="1" status="PASS">
          <params>
            <param index="0">
              <value>
                <![CDATA[0]]>
              </value>
            </param>
          </params>
          <reporter-output>
          </reporter-output>
        </test-method> <!-- sqrtTestDouble -->
        <test-method signature="sqrtTestDouble(double)[pri:0, instance:HW1.SqrtTest@35cabb2a]" started-at="2021-03-30T18:18:29Z" name="sqrtTestDouble" data-provider="double" finished-at="2021-03-30T18:18:29Z" duration-ms="0" status="PASS">
          <params>
            <param index="0">
              <value>
                <![CDATA[25]]>
              </value>
            </param>
          </params>
          <reporter-output>
          </reporter-output>
        </test-method> <!-- sqrtTestDouble -->
        <test-method signature="sqrtTestDouble(double)[pri:0, instance:HW1.SqrtTest@35cabb2a]" started-at="2021-03-30T18:18:29Z" name="sqrtTestDouble" data-provider="double" finished-at="2021-03-30T18:18:29Z" duration-ms="0" status="PASS">
          <params>
            <param index="0">
              <value>
                <![CDATA[6.99]]>
              </value>
            </param>
          </params>
          <reporter-output>
          </reporter-output>
        </test-method> <!-- sqrtTestDouble -->
        <test-method signature="sqrtTestDouble(double)[pri:0, instance:HW1.SqrtTest@35cabb2a]" started-at="2021-03-30T18:18:29Z" name="sqrtTestDouble" data-provider="double" finished-at="2021-03-30T18:18:29Z" duration-ms="0" status="PASS">
          <params>
            <param index="0">
              <value>
                <![CDATA[1.7976931348623157E308]]>
              </value>
            </param>
          </params>
          <reporter-output>
          </reporter-output>
        </test-method> <!-- sqrtTestDouble -->
        <test-method signature="sqrtTestDouble(double)[pri:0, instance:HW1.SqrtTest@35cabb2a]" started-at="2021-03-30T18:18:29Z" name="sqrtTestDouble" data-provider="double" finished-at="2021-03-30T18:18:29Z" duration-ms="0" status="PASS">
          <params>
            <param index="0">
              <value>
                <![CDATA[4.9E-324]]>
              </value>
            </param>
          </params>
          <reporter-output>
          </reporter-output>
        </test-method> <!-- sqrtTestDouble -->
      </class> <!-- HW1.SqrtTest -->
    </test> <!-- SqrtTest -->
  </suite> <!-- SqrtSuite -->
</testng-results>
