<?xml version="1.0" encoding="UTF-8" ?>
<testsuite tests="81" failures="0" name="TestSuite" time="0.016" errors="0" skipped="0">
  <properties>
[...]
</properties>
  <testcase classname="HW1.AddTest" name="addTestDouble" time="0.003"/>
  <testcase classname="HW1.AddTest" name="addTestDouble" time="0.005"/>
  <testcase classname="HW1.AddTest" name="addTestDouble" time="0"/>
  <testcase classname="HW1.AddTest" name="addTestDouble" time="0"/>
  <testcase classname="HW1.AddTest" name="addTestDouble" time="0"/>
  <testcase classname="HW1.AddTest" name="addTestDouble" time="0"/>
  <testcase classname="HW1.AddTest" name="addTestDouble" time="0"/>
  <testcase classname="HW1.AddTest" name="addTestDouble" time="0"/>
  <testcase classname="HW1.AddTest" name="addTestDouble" time="0"/>
  <testcase classname="HW1.AddTest" name="addTestLong" time="0.001"/>
  <testcase classname="HW1.AddTest" name="addTestLong" time="0.001"/>
  <testcase classname="HW1.AddTest" name="addTestLong" time="0"/>
  <testcase classname="HW1.AddTest" name="addTestLong" time="0"/>
  <testcase classname="HW1.AddTest" name="addTestLong" time="0"/>
  <testcase classname="HW1.AddTest" name="addTestLong" time="0"/>
  <testcase classname="HW1.AddTest" name="addTestLong" time="0"/>
  <testcase classname="HW1.AddTest" name="addTestLong" time="0"/>
  <testcase classname="HW1.AddTest" name="addTestLong" time="0"/>
  <testcase classname="HW1.SubTest" name="subTestDouble" time="0"/>
  <testcase classname="HW1.SubTest" name="subTestDouble" time="0"/>
  <testcase classname="HW1.SubTest" name="subTestDouble" time="0"/>
  <testcase classname="HW1.SubTest" name="subTestDouble" time="0"/>
  <testcase classname="HW1.SubTest" name="subTestDouble" time="0"/>
  <testcase classname="HW1.SubTest" name="subTestDouble" time="0.001"/>
  <testcase classname="HW1.SubTest" name="subTestDouble" time="0"/>
  <testcase classname="HW1.SubTest" name="subTestDouble" time="0"/>
  <testcase classname="HW1.SubTest" name="subTestDouble" time="0"/>
  <testcase classname="HW1.SubTest" name="subTestLong" time="0"/>
  <testcase classname="HW1.SubTest" name="subTestLong" time="0"/>
  <testcase classname="HW1.SubTest" name="subTestLong" time="0"/>
  <testcase classname="HW1.SubTest" name="subTestLong" time="0"/>
  <testcase classname="HW1.SubTest" name="subTestLong" time="0"/>
  <testcase classname="HW1.SubTest" name="subTestLong" time="0"/>
  <testcase classname="HW1.SubTest" name="subTestLong" time="0"/>
  <testcase classname="HW1.SubTest" name="subTestLong" time="0"/>
  <testcase classname="HW1.SubTest" name="subTestLong" time="0"/>
  <testcase classname="HW1.MultTest" name="multTestDouble" time="0"/>
  <testcase classname="HW1.MultTest" name="multTestDouble" time="0"/>
  <testcase classname="HW1.MultTest" name="multTestDouble" time="0"/>
  <testcase classname="HW1.MultTest" name="multTestDouble" time="0.001"/>
  <testcase classname="HW1.MultTest" name="multTestDouble" time="0"/>
  <testcase classname="HW1.MultTest" name="multTestDouble" time="0"/>
  <testcase classname="HW1.MultTest" name="multTestDouble" time="0"/>
  <testcase classname="HW1.MultTest" name="multTestDouble" time="0.001"/>
  <testcase classname="HW1.MultTest" name="multTestDouble" time="0"/>
  <testcase classname="HW1.MultTest" name="multTestLong" time="0"/>
  <testcase classname="HW1.MultTest" name="multTestLong" time="0"/>
  <testcase classname="HW1.MultTest" name="multTestLong" time="0"/>
  <testcase classname="HW1.MultTest" name="multTestLong" time="0"/>
  <testcase classname="HW1.MultTest" name="multTestLong" time="0"/>
  <testcase classname="HW1.MultTest" name="multTestLong" time="0"/>
  <testcase classname="HW1.MultTest" name="multTestLong" time="0"/>
  <testcase classname="HW1.MultTest" name="multTestLong" time="0"/>
  <testcase classname="HW1.MultTest" name="multTestLong" time="0"/>
  <testcase classname="HW1.DivTest" name="divTestDouble" time="0"/>
  <testcase classname="HW1.DivTest" name="divTestDouble" time="0"/>
  <testcase classname="HW1.DivTest" name="divTestDouble" time="0"/>
  <testcase classname="HW1.DivTest" name="divTestDouble" time="0"/>
  <testcase classname="HW1.DivTest" name="divTestDouble" time="0"/>
  <testcase classname="HW1.DivTest" name="divTestDouble" time="0"/>
  <testcase classname="HW1.DivTest" name="divTestDouble" time="0"/>
  <testcase classname="HW1.DivTest" name="divTestDouble" time="0.001"/>
  <testcase classname="HW1.DivTest" name="divTestDouble" time="0"/>
  <testcase classname="HW1.DivTest" name="divTestLong" time="0"/>
  <testcase classname="HW1.DivTest" name="divTestLong" time="0"/>
  <testcase classname="HW1.DivTest" name="divTestLong" time="0"/>
  <testcase classname="HW1.DivTest" name="divTestLong" time="0.001"/>
  <testcase classname="HW1.DivTest" name="divTestLong" time="0"/>
  <testcase classname="HW1.DivTest" name="divTestLong" time="0"/>
  <testcase classname="HW1.DivTest" name="divTestLong" time="0"/>
  <testcase classname="HW1.DivTest" name="divTestLong" time="0"/>
  <testcase classname="HW1.DivTest" name="divTestLong" time="0.001"/>
  <testcase classname="HW1.SqrtTest" name="sqrtTestDouble" time="0"/>
  <testcase classname="HW1.SqrtTest" name="sqrtTestDouble" time="0"/>
  <testcase classname="HW1.SqrtTest" name="sqrtTestDouble" time="0"/>
  <testcase classname="HW1.SqrtTest" name="sqrtTestDouble" time="0"/>
  <testcase classname="HW1.SqrtTest" name="sqrtTestDouble" time="0"/>
  <testcase classname="HW1.SqrtTest" name="sqrtTestDouble" time="0"/>
  <testcase classname="HW1.SqrtTest" name="sqrtTestDouble" time="0"/>
  <testcase classname="HW1.SqrtTest" name="sqrtTestDouble" time="0"/>
  <testcase classname="HW1.SqrtTest" name="sqrtTestDouble" time="0"/>
</testsuite>