<?xml version="1.0" encoding="UTF-8"?>
<!-- Generated by org.testng.reporters.JUnitXMLReporter -->
<testsuite ignored="0" hostname="LAPTOP-0RBMQKUC" failures="0" tests="10" name="Ex1Test" time="6.615" errors="0" timestamp="2021-06-01T01:55:14 MSK">
  <testcase classname="HW2.Ex1.Exercise1" name="centerIFrameTest" time="0.421"/>
  <testcase classname="HW2.Ex1.Exercise1" name="footerTest" time="0.065"/>
  <testcase classname="HW2.Ex1.Exercise1" name="headerTest" time="0.245"/>
  <testcase classname="HW2.Ex1.Exercise1" name="imagesTest" time="0.162"/>
  <testcase classname="HW2.Ex1.Exercise1" name="leftSectionTest" time="0.064"/>
  <testcase classname="HW2.Ex1.Exercise1" name="loginTest" time="0.586"/>
  <testcase classname="HW2.Ex1.Exercise1" name="mainHeadersContentTest" time="0.101"/>
  <testcase classname="HW2.Ex1.Exercise1" name="openPageTest" time="0.018"/>
  <testcase classname="HW2.Ex1.Exercise1" name="subHeaderTest" time="0.077"/>
  <testcase classname="HW2.Ex1.Exercise1" name="textTest" time="0.282"/>
</testsuite> <!-- Ex1Test -->
