<?xml version="1.0" encoding="UTF-8"?>
<!-- Generated by org.testng.reporters.JUnitXMLReporter -->
<testsuite ignored="0" hostname="LAPTOP-0RBMQKUC" failures="0" tests="9" name="SqrtTest" time="0.005" errors="0" timestamp="30 мар. 2021 15:18:29 GMT">
  <testcase classname="HW1.SqrtTest" name="sqrtTestDouble" time="0.001"/>
  <testcase classname="HW1.SqrtTest" name="sqrtTestDouble" time="0.0"/>
  <testcase classname="HW1.SqrtTest" name="sqrtTestDouble" time="0.001"/>
  <testcase classname="HW1.SqrtTest" name="sqrtTestDouble" time="0.0"/>
  <testcase classname="HW1.SqrtTest" name="sqrtTestDouble" time="0.001"/>
  <testcase classname="HW1.SqrtTest" name="sqrtTestDouble" time="0.0"/>
  <testcase classname="HW1.SqrtTest" name="sqrtTestDouble" time="0.0"/>
  <testcase classname="HW1.SqrtTest" name="sqrtTestDouble" time="0.0"/>
  <testcase classname="HW1.SqrtTest" name="sqrtTestDouble" time="0.0"/>
</testsuite> <!-- SqrtTest -->
