<?xml version="1.0" encoding="UTF-8"?>
<!-- Generated by org.testng.reporters.JUnitXMLReporter -->
<testsuite ignored="0" hostname="LAPTOP-0RBMQKUC" failures="0" tests="36" name="MultDivTest" time="0.02" errors="0" timestamp="30 мар. 2021 15:18:29 GMT">
  <testcase classname="HW1.MultTest" name="multTestDouble" time="0.001"/>
  <testcase classname="HW1.MultTest" name="multTestDouble" time="0.0"/>
  <testcase classname="HW1.MultTest" name="multTestDouble" time="0.0"/>
  <testcase classname="HW1.MultTest" name="multTestDouble" time="0.0"/>
  <testcase classname="HW1.MultTest" name="multTestDouble" time="0.0"/>
  <testcase classname="HW1.MultTest" name="multTestDouble" time="0.0"/>
  <testcase classname="HW1.MultTest" name="multTestDouble" time="0.0"/>
  <testcase classname="HW1.MultTest" name="multTestDouble" time="0.0"/>
  <testcase classname="HW1.MultTest" name="multTestDouble" time="0.001"/>
  <testcase classname="HW1.MultTest" name="multTestLong" time="0.0"/>
  <testcase classname="HW1.MultTest" name="multTestLong" time="0.0"/>
  <testcase classname="HW1.MultTest" name="multTestLong" time="0.0"/>
  <testcase classname="HW1.MultTest" name="multTestLong" time="0.0"/>
  <testcase classname="HW1.MultTest" name="multTestLong" time="0.0"/>
  <testcase classname="HW1.MultTest" name="multTestLong" time="0.0"/>
  <testcase classname="HW1.MultTest" name="multTestLong" time="0.001"/>
  <testcase classname="HW1.MultTest" name="multTestLong" time="0.0"/>
  <testcase classname="HW1.MultTest" name="multTestLong" time="0.0"/>
  <testcase classname="HW1.DivTest" name="divTestDouble" time="0.0"/>
  <testcase classname="HW1.DivTest" name="divTestDouble" time="0.0"/>
  <testcase classname="HW1.DivTest" name="divTestDouble" time="0.0"/>
  <testcase classname="HW1.DivTest" name="divTestDouble" time="0.001"/>
  <testcase classname="HW1.DivTest" name="divTestDouble" time="0.0"/>
  <testcase classname="HW1.DivTest" name="divTestDouble" time="0.0"/>
  <testcase classname="HW1.DivTest" name="divTestDouble" time="0.0"/>
  <testcase classname="HW1.DivTest" name="divTestDouble" time="0.0"/>
  <testcase classname="HW1.DivTest" name="divTestDouble" time="0.0"/>
  <testcase classname="HW1.DivTest" name="divTestLong" time="0.0"/>
  <testcase classname="HW1.DivTest" name="divTestLong" time="0.001"/>
  <testcase classname="HW1.DivTest" name="divTestLong" time="0.0"/>
  <testcase classname="HW1.DivTest" name="divTestLong" time="0.0"/>
  <testcase classname="HW1.DivTest" name="divTestLong" time="0.001"/>
  <testcase classname="HW1.DivTest" name="divTestLong" time="0.0"/>
  <testcase classname="HW1.DivTest" name="divTestLong" time="0.0"/>
  <testcase classname="HW1.DivTest" name="divTestLong" time="0.0"/>
  <testcase classname="HW1.DivTest" name="divTestLong" time="0.0"/>
</testsuite> <!-- MultDivTest -->
