<?xml version="1.0" encoding="UTF-8"?>
<!-- Generated by org.testng.reporters.JUnitXMLReporter -->
<testsuite ignored="0" hostname="LAPTOP-0RBMQKUC" failures="0" tests="36" name="AddSubTest" time="0.049" errors="0" timestamp="30 мар. 2021 15:18:29 GMT">
  <testcase classname="HW1.AddTest" name="addTestDouble" time="0.002"/>
  <testcase classname="HW1.AddTest" name="addTestDouble" time="0.003"/>
  <testcase classname="HW1.AddTest" name="addTestDouble" time="0.001"/>
  <testcase classname="HW1.AddTest" name="addTestDouble" time="0.0"/>
  <testcase classname="HW1.AddTest" name="addTestDouble" time="0.0"/>
  <testcase classname="HW1.AddTest" name="addTestDouble" time="0.0"/>
  <testcase classname="HW1.AddTest" name="addTestDouble" time="0.0"/>
  <testcase classname="HW1.AddTest" name="addTestDouble" time="0.0"/>
  <testcase classname="HW1.AddTest" name="addTestDouble" time="0.001"/>
  <testcase classname="HW1.AddTest" name="addTestLong" time="0.0"/>
  <testcase classname="HW1.AddTest" name="addTestLong" time="0.0"/>
  <testcase classname="HW1.AddTest" name="addTestLong" time="0.0"/>
  <testcase classname="HW1.AddTest" name="addTestLong" time="0.0"/>
  <testcase classname="HW1.AddTest" name="addTestLong" time="0.0"/>
  <testcase classname="HW1.AddTest" name="addTestLong" time="0.0"/>
  <testcase classname="HW1.AddTest" name="addTestLong" time="0.0"/>
  <testcase classname="HW1.AddTest" name="addTestLong" time="0.0"/>
  <testcase classname="HW1.AddTest" name="addTestLong" time="0.0"/>
  <testcase classname="HW1.SubTest" name="subTestDouble" time="0.0"/>
  <testcase classname="HW1.SubTest" name="subTestDouble" time="0.0"/>
  <testcase classname="HW1.SubTest" name="subTestDouble" time="0.0"/>
  <testcase classname="HW1.SubTest" name="subTestDouble" time="0.001"/>
  <testcase classname="HW1.SubTest" name="subTestDouble" time="0.0"/>
  <testcase classname="HW1.SubTest" name="subTestDouble" time="0.001"/>
  <testcase classname="HW1.SubTest" name="subTestDouble" time="0.0"/>
  <testcase classname="HW1.SubTest" name="subTestDouble" time="0.0"/>
  <testcase classname="HW1.SubTest" name="subTestDouble" time="0.0"/>
  <testcase classname="HW1.SubTest" name="subTestLong" time="0.0"/>
  <testcase classname="HW1.SubTest" name="subTestLong" time="0.0"/>
  <testcase classname="HW1.SubTest" name="subTestLong" time="0.0"/>
  <testcase classname="HW1.SubTest" name="subTestLong" time="0.0"/>
  <testcase classname="HW1.SubTest" name="subTestLong" time="0.0"/>
  <testcase classname="HW1.SubTest" name="subTestLong" time="0.0"/>
  <testcase classname="HW1.SubTest" name="subTestLong" time="0.001"/>
  <testcase classname="HW1.SubTest" name="subTestLong" time="0.0"/>
  <testcase classname="HW1.SubTest" name="subTestLong" time="0.0"/>
</testsuite> <!-- AddSubTest -->
